2022-07-30 12:09:10,232 INFO com.example.crudwithelasticsearch.CrudWithElasticSearchApplication [main] Starting CrudWithElasticSearchApplication using Java 11.0.13 on LAPTOP-746F832P with PID 11628 (C:\Users\Lusine\IdeaProjects\CrudWithElasticSearch\target\classes started by Lusine in C:\Users\Lusine\IdeaProjects\CrudWithElasticSearch)
2022-07-30 12:09:10,253 INFO com.example.crudwithelasticsearch.CrudWithElasticSearchApplication [main] No active profile set, falling back to 1 default profile: "default"
2022-07-30 12:09:12,594 INFO org.springframework.data.repository.config.RepositoryConfigurationDelegate [main] Bootstrapping Spring Data JPA repositories in DEFAULT mode.
2022-07-30 12:09:12,916 INFO org.springframework.data.repository.config.RepositoryConfigurationDelegate [main] Finished Spring Data repository scanning in 240 ms. Found 1 JPA repository interfaces.
2022-07-30 12:09:14,626 INFO org.springframework.boot.web.embedded.tomcat.TomcatWebServer [main] Tomcat initialized with port(s): 8083 (http)
2022-07-30 12:09:14,642 INFO org.apache.catalina.core.StandardService [main] Starting service [Tomcat]
2022-07-30 12:09:14,642 INFO org.apache.catalina.core.StandardEngine [main] Starting Servlet engine: [Apache Tomcat/9.0.65]
2022-07-30 12:09:14,970 INFO org.apache.catalina.core.ContainerBase.[Tomcat].[localhost].[/] [main] Initializing Spring embedded WebApplicationContext
2022-07-30 12:09:14,970 INFO org.springframework.boot.web.servlet.context.ServletWebServerApplicationContext [main] Root WebApplicationContext: initialization completed in 4507 ms
2022-07-30 12:09:15,345 INFO org.hibernate.jpa.internal.util.LogHelper [main] HHH000204: Processing PersistenceUnitInfo [name: default]
2022-07-30 12:09:15,470 INFO org.hibernate.Version [main] HHH000412: Hibernate ORM core version 5.6.10.Final
2022-07-30 12:09:15,907 INFO org.hibernate.annotations.common.Version [main] HCANN000001: Hibernate Commons Annotations {5.1.2.Final}
2022-07-30 12:09:16,173 INFO com.zaxxer.hikari.HikariDataSource [main] HikariPool-1 - Starting...
2022-07-30 12:09:16,938 INFO com.zaxxer.hikari.HikariDataSource [main] HikariPool-1 - Start completed.
2022-07-30 12:09:16,969 INFO org.hibernate.dialect.Dialect [main] HHH000400: Using dialect: org.hibernate.dialect.MySQL8Dialect
2022-07-30 12:09:19,031 INFO org.hibernate.engine.transaction.jta.platform.internal.JtaPlatformInitiator [main] HHH000490: Using JtaPlatform implementation: [org.hibernate.engine.transaction.jta.platform.internal.NoJtaPlatform]
2022-07-30 12:09:19,054 INFO org.springframework.orm.jpa.LocalContainerEntityManagerFactoryBean [main] Initialized JPA EntityManagerFactory for persistence unit 'default'
2022-07-30 12:09:19,969 WARN org.springframework.boot.autoconfigure.orm.jpa.JpaBaseConfiguration$JpaWebConfiguration [main] spring.jpa.open-in-view is enabled by default. Therefore, database queries may be performed during view rendering. Explicitly configure spring.jpa.open-in-view to disable this warning
2022-07-30 12:09:20,838 INFO org.springframework.boot.web.embedded.tomcat.TomcatWebServer [main] Tomcat started on port(s): 8083 (http) with context path ''
2022-07-30 12:09:20,854 INFO com.example.crudwithelasticsearch.CrudWithElasticSearchApplication [main] Started CrudWithElasticSearchApplication in 12.22 seconds (JVM running for 16.45)
2022-07-30 12:09:45,558 INFO org.apache.catalina.core.ContainerBase.[Tomcat].[localhost].[/] [http-nio-8083-exec-1] Initializing Spring DispatcherServlet 'dispatcherServlet'
2022-07-30 12:09:45,585 INFO org.springframework.web.servlet.DispatcherServlet [http-nio-8083-exec-1] Initializing Servlet 'dispatcherServlet'
2022-07-30 12:09:45,735 INFO org.springframework.web.servlet.DispatcherServlet [http-nio-8083-exec-1] Completed initialization in 149 ms
2022-07-30 12:10:16,973 INFO com.example.crudwithelasticsearch.contoller.ProductController [http-nio-8083-exec-3] Received a request to create a Product.
2022-07-30 12:10:17,220 INFO com.example.crudwithelasticsearch.contoller.ProductController [http-nio-8083-exec-3] Product is created.
2022-07-30 12:10:23,040 INFO com.example.crudwithelasticsearch.contoller.ProductController [http-nio-8083-exec-4] Received a request to create a Product.
2022-07-30 12:10:23,061 INFO com.example.crudwithelasticsearch.contoller.ProductController [http-nio-8083-exec-4] Product is created.
2022-07-30 12:10:34,436 INFO com.example.crudwithelasticsearch.contoller.ProductController [http-nio-8083-exec-5] Received a request to create a Product.
2022-07-30 12:10:34,461 INFO com.example.crudwithelasticsearch.contoller.ProductController [http-nio-8083-exec-5] Product is created.
2022-07-30 12:10:39,862 INFO com.example.crudwithelasticsearch.contoller.ProductController [http-nio-8083-exec-6] Received a request to create a Product.
2022-07-30 12:10:39,890 INFO com.example.crudwithelasticsearch.contoller.ProductController [http-nio-8083-exec-6] Product is created.
2022-07-30 12:10:46,582 INFO com.example.crudwithelasticsearch.contoller.ProductController [http-nio-8083-exec-7] Received a request to create a Product.
2022-07-30 12:10:46,603 INFO com.example.crudwithelasticsearch.contoller.ProductController [http-nio-8083-exec-7] Product is created.
2022-07-30 12:10:55,356 INFO com.example.crudwithelasticsearch.contoller.ProductController [http-nio-8083-exec-8] Received a request to create a Product.
2022-07-30 12:10:55,378 INFO com.example.crudwithelasticsearch.contoller.ProductController [http-nio-8083-exec-8] Product is created.
2022-07-30 12:12:32,546 INFO org.springframework.orm.jpa.LocalContainerEntityManagerFactoryBean [SpringApplicationShutdownHook] Closing JPA EntityManagerFactory for persistence unit 'default'
2022-07-30 12:12:32,577 INFO com.zaxxer.hikari.HikariDataSource [SpringApplicationShutdownHook] HikariPool-1 - Shutdown initiated...
2022-07-30 12:12:32,640 INFO com.zaxxer.hikari.HikariDataSource [SpringApplicationShutdownHook] HikariPool-1 - Shutdown completed.
2022-07-30 12:17:03,683 INFO com.example.crudwithelasticsearch.CrudWithElasticSearchApplication [main] Starting CrudWithElasticSearchApplication using Java 11.0.13 on LAPTOP-746F832P with PID 15676 (C:\Users\Lusine\IdeaProjects\CrudWithElasticSearch\target\classes started by Lusine in C:\Users\Lusine\IdeaProjects\CrudWithElasticSearch)
2022-07-30 12:17:03,699 INFO com.example.crudwithelasticsearch.CrudWithElasticSearchApplication [main] No active profile set, falling back to 1 default profile: "default"
2022-07-30 12:17:06,073 INFO org.springframework.data.repository.config.RepositoryConfigurationDelegate [main] Bootstrapping Spring Data JPA repositories in DEFAULT mode.
2022-07-30 12:17:06,323 INFO org.springframework.data.repository.config.RepositoryConfigurationDelegate [main] Finished Spring Data repository scanning in 196 ms. Found 1 JPA repository interfaces.
2022-07-30 12:17:07,947 INFO org.springframework.boot.web.embedded.tomcat.TomcatWebServer [main] Tomcat initialized with port(s): 8083 (http)
2022-07-30 12:17:07,979 INFO org.apache.catalina.core.StandardService [main] Starting service [Tomcat]
2022-07-30 12:17:07,979 INFO org.apache.catalina.core.StandardEngine [main] Starting Servlet engine: [Apache Tomcat/9.0.65]
2022-07-30 12:17:08,353 INFO org.apache.catalina.core.ContainerBase.[Tomcat].[localhost].[/] [main] Initializing Spring embedded WebApplicationContext
2022-07-30 12:17:08,353 INFO org.springframework.boot.web.servlet.context.ServletWebServerApplicationContext [main] Root WebApplicationContext: initialization completed in 4498 ms
2022-07-30 12:17:08,791 INFO org.hibernate.jpa.internal.util.LogHelper [main] HHH000204: Processing PersistenceUnitInfo [name: default]
2022-07-30 12:17:08,931 INFO org.hibernate.Version [main] HHH000412: Hibernate ORM core version 5.6.10.Final
2022-07-30 12:17:09,384 INFO org.hibernate.annotations.common.Version [main] HCANN000001: Hibernate Commons Annotations {5.1.2.Final}
2022-07-30 12:17:09,681 INFO com.zaxxer.hikari.HikariDataSource [main] HikariPool-1 - Starting...
2022-07-30 12:17:10,446 INFO com.zaxxer.hikari.HikariDataSource [main] HikariPool-1 - Start completed.
2022-07-30 12:17:10,477 INFO org.hibernate.dialect.Dialect [main] HHH000400: Using dialect: org.hibernate.dialect.MySQL8Dialect
2022-07-30 12:17:11,899 INFO org.hibernate.engine.transaction.jta.platform.internal.JtaPlatformInitiator [main] HHH000490: Using JtaPlatform implementation: [org.hibernate.engine.transaction.jta.platform.internal.NoJtaPlatform]
2022-07-30 12:17:11,930 INFO org.springframework.orm.jpa.LocalContainerEntityManagerFactoryBean [main] Initialized JPA EntityManagerFactory for persistence unit 'default'
2022-07-30 12:17:12,524 WARN org.springframework.boot.autoconfigure.orm.jpa.JpaBaseConfiguration$JpaWebConfiguration [main] spring.jpa.open-in-view is enabled by default. Therefore, database queries may be performed during view rendering. Explicitly configure spring.jpa.open-in-view to disable this warning
2022-07-30 12:17:13,211 INFO org.springframework.boot.web.embedded.tomcat.TomcatWebServer [main] Tomcat started on port(s): 8083 (http) with context path ''
2022-07-30 12:17:13,242 INFO com.example.crudwithelasticsearch.CrudWithElasticSearchApplication [main] Started CrudWithElasticSearchApplication in 10.946 seconds (JVM running for 13.753)
2022-07-30 12:17:27,137 INFO org.apache.catalina.core.ContainerBase.[Tomcat].[localhost].[/] [http-nio-8083-exec-1] Initializing Spring DispatcherServlet 'dispatcherServlet'
2022-07-30 12:17:27,150 INFO org.springframework.web.servlet.DispatcherServlet [http-nio-8083-exec-1] Initializing Servlet 'dispatcherServlet'
2022-07-30 12:17:27,154 INFO org.springframework.web.servlet.DispatcherServlet [http-nio-8083-exec-1] Completed initialization in 3 ms
